<?xml version="1.0" encoding="UTF-8"?>
<!-- Generated by org.testng.reporters.JUnitXMLReporter -->
<testsuite hostname="TYSS-Vijayalaxmi" ignored="1" name="Test" tests="2" failures="0" timestamp="2023-04-05T21:18:32 IST" time="0.035" errors="0">
  <testcase name="create" time="0.005" classname="Maven_Package.SampleScriptTest"/>
  <testcase name="test1" time="0.001" classname="Maven_Package.TS_01Test"/>
  <testcase name="test2" time="0.0" classname="Maven_Package.TS_01Test">
    <ignored/>
  </testcase> <!-- test2 -->
</testsuite> <!-- Test -->
