<?xml version="1.0" encoding="UTF-8"?>
<!-- Generated by org.testng.reporters.JUnitXMLReporter -->
<testsuite hostname="TYSS-Vijayalaxmi" ignored="0" name="Command line test" tests="4" failures="0" timestamp="2023-04-05T15:34:08 IST" time="0.031" errors="0">
  <testcase name="test" time="0.003" classname="Maven_Package.ParameterTest"/>
  <testcase name="create" time="0.0" classname="Maven_Package.SampleScriptTest"/>
  <testcase name="test1" time="0.0" classname="Maven_Package.TS_01Test"/>
  <testcase name="test2" time="0.0" classname="Maven_Package.TS_01Test"/>
</testsuite> <!-- Command line test -->
