<?xml version="1.0" encoding="UTF-8"?>
<testng-results skipped="0" failed="0" ignored="0" total="1" passed="1">
  <reporter-output>
  </reporter-output>
  <suite name="Default suite" duration-ms="37" started-at="2023-03-31T16:08:32 IST" finished-at="2023-03-31T16:08:32 IST">
    <groups>
    </groups>
    <test name="Default test" duration-ms="37" started-at="2023-03-31T16:08:32 IST" finished-at="2023-03-31T16:08:32 IST">
      <class name="Maven_Package.ParameterTest">
        <test-method status="PASS" signature="test()[pri:0, instance:Maven_Package.ParameterTest@2173f6d9]" name="test" duration-ms="7" started-at="2023-03-31T16:08:32 IST" finished-at="2023-03-31T16:08:32 IST">
          <reporter-output>
          </reporter-output>
        </test-method> <!-- test -->
      </class> <!-- Maven_Package.ParameterTest -->
    </test> <!-- Default test -->
  </suite> <!-- Default suite -->
</testng-results>
