<?xml version="1.0" encoding="UTF-8"?>
<testng-results skipped="0" failed="0" ignored="1" total="3" passed="2">
  <reporter-output>
  </reporter-output>
  <suite name="Suite" duration-ms="35" started-at="2023-04-05T21:18:32 IST" finished-at="2023-04-05T21:18:32 IST">
    <groups>
      <group name="smoke">
        <method signature="SampleScriptTest.create()[pri:0, instance:Maven_Package.SampleScriptTest@631330c]" name="create" class="Maven_Package.SampleScriptTest"/>
        <method signature="TS_01Test.test1()[pri:0, instance:Maven_Package.TS_01Test@9a7504c]" name="test1" class="Maven_Package.TS_01Test"/>
      </group> <!-- smoke -->
    </groups>
    <test name="Test" duration-ms="35" started-at="2023-04-05T21:18:32 IST" finished-at="2023-04-05T21:18:32 IST">
      <class name="Maven_Package.TS_01Test">
        <test-method status="PASS" signature="test1()[pri:0, instance:Maven_Package.TS_01Test@9a7504c]" name="test1" duration-ms="1" started-at="2023-04-05T21:18:32 IST" finished-at="2023-04-05T21:18:32 IST">
          <reporter-output>
          </reporter-output>
        </test-method> <!-- test1 -->
      </class> <!-- Maven_Package.TS_01Test -->
      <class name="Maven_Package.SampleScriptTest">
        <test-method status="PASS" signature="create()[pri:0, instance:Maven_Package.SampleScriptTest@631330c]" name="create" duration-ms="5" started-at="2023-04-05T21:18:32 IST" finished-at="2023-04-05T21:18:32 IST">
          <reporter-output>
          </reporter-output>
        </test-method> <!-- create -->
      </class> <!-- Maven_Package.SampleScriptTest -->
    </test> <!-- Test -->
  </suite> <!-- Suite -->
</testng-results>
